# Logfile created on Mon May 05 02:38:22 -0400 2008

Processing SessionsController#new (for 127.0.0.1 at 2008-05-05 02:38:22) [GET]
  Session ID: 0f4c219f1d5a9eea8aadaa0519a3f6d0
  Parameters: {"action"=>"new", "controller"=>"sessions"}


Processing SessionsController#new (for 127.0.0.1 at 2008-05-05 02:38:22) [GET]
  Session ID: 0f4c219f1d5a9eea8aadaa0519a3f6d0
  Parameters: {"action"=>"new", "controller"=>"sessions"}


SQLite3::CantOpenException (could not open database: unable to open database file):
    /System/Library/Frameworks/Ruby.framework/Versions/1.8/usr/lib/ruby/gems/1.8/gems/sqlite3-ruby-1.2.1/lib/sqlite3/errors.rb:94:in `check'
    /System/Library/Frameworks/Ruby.framework/Versions/1.8/usr/lib/ruby/gems/1.8/gems/sqlite3-ruby-1.2.1/lib/sqlite3/database.rb:112:in `initialize'
    /Library/Ruby/Gems/1.8/gems/activerecord-2.0.2/lib/active_record/connection_adapters/sqlite3_adapter.rb:13:in `new'
    /Library/Ruby/Gems/1.8/gems/activerecord-2.0.2/lib/active_record/connection_adapters/sqlite3_adapter.rb:13:in `sqlite3_connection'
    /Library/Ruby/Gems/1.8/gems/activerecord-2.0.2/lib/active_record/connection_adapters/abstract/connection_specification.rb:291:in `send'
    /Library/Ruby/Gems/1.8/gems/activerecord-2.0.2/lib/active_record/connection_adapters/abstract/connection_specification.rb:291:in `connection='
    /Library/Ruby/Gems/1.8/gems/activerecord-2.0.2/lib/active_record/connection_adapters/abstract/connection_specification.rb:259:in `retrieve_connection'
    /Library/Ruby/Gems/1.8/gems/activerecord-2.0.2/lib/active_record/connection_adapters/abstract/connection_specification.rb:78:in `connection'
    /Library/Ruby/Gems/1.8/gems/activerecord-2.0.2/lib/active_record/query_cache.rb:8:in `cache'
    /Library/Ruby/Gems/1.8/gems/actionpack-2.0.2/lib/action_controller/caching.rb:677:in `passenger_orig_perform_action'
    /Library/Ruby/Gems/1.8/gems/passenger-1.0.4/lib/passenger/request_handler.rb:145:in `perform_action'
    /Library/Ruby/Gems/1.8/gems/actionpack-2.0.2/lib/action_controller/base.rb:524:in `send'
    /Library/Ruby/Gems/1.8/gems/actionpack-2.0.2/lib/action_controller/base.rb:524:in `process_without_filters'
    /Library/Ruby/Gems/1.8/gems/actionpack-2.0.2/lib/action_controller/filters.rb:685:in `process_without_session_management_support'
    /Library/Ruby/Gems/1.8/gems/actionpack-2.0.2/lib/action_controller/session_management.rb:123:in `process'
    /Library/Ruby/Gems/1.8/gems/actionpack-2.0.2/lib/action_controller/base.rb:388:in `process'
    /Library/Ruby/Gems/1.8/gems/actionpack-2.0.2/lib/action_controller/dispatcher.rb:171:in `handle_request'
    /Library/Ruby/Gems/1.8/gems/actionpack-2.0.2/lib/action_controller/dispatcher.rb:115:in `dispatch'
    /Library/Ruby/Gems/1.8/gems/actionpack-2.0.2/lib/action_controller/dispatcher.rb:126:in `dispatch_cgi'
    /Library/Ruby/Gems/1.8/gems/actionpack-2.0.2/lib/action_controller/dispatcher.rb:9:in `dispatch'
    /Library/Ruby/Gems/1.8/gems/passenger-1.0.4/lib/passenger/request_handler.rb:304:in `process_request'
    /Library/Ruby/Gems/1.8/gems/passenger-1.0.4/lib/passenger/request_handler.rb:180:in `main_loop'
    /Library/Ruby/Gems/1.8/gems/passenger-1.0.4/lib/passenger/application_spawner.rb:320:in `start_request_handler'
    /Library/Ruby/Gems/1.8/gems/passenger-1.0.4/lib/passenger/application_spawner.rb:282:in `handle_spawn_application'
    /Library/Ruby/Gems/1.8/gems/passenger-1.0.4/lib/passenger/application_spawner.rb:280:in `fork'
    /Library/Ruby/Gems/1.8/gems/passenger-1.0.4/lib/passenger/application_spawner.rb:280:in `handle_spawn_application'
    /Library/Ruby/Gems/1.8/gems/passenger-1.0.4/lib/passenger/application_spawner.rb:278:in `fork'
    /Library/Ruby/Gems/1.8/gems/passenger-1.0.4/lib/passenger/application_spawner.rb:278:in `handle_spawn_application'
    /Library/Ruby/Gems/1.8/gems/passenger-1.0.4/lib/passenger/abstract_server.rb:291:in `__send__'
    /Library/Ruby/Gems/1.8/gems/passenger-1.0.4/lib/passenger/abstract_server.rb:291:in `main_loop'
    /Library/Ruby/Gems/1.8/gems/passenger-1.0.4/lib/passenger/abstract_server.rb:147:in `start_synchronously'
    /Library/Ruby/Gems/1.8/gems/passenger-1.0.4/lib/passenger/abstract_server.rb:114:in `start'
    /Library/Ruby/Gems/1.8/gems/passenger-1.0.4/lib/passenger/abstract_server.rb:108:in `fork'
    /Library/Ruby/Gems/1.8/gems/passenger-1.0.4/lib/passenger/abstract_server.rb:108:in `start'
    /Library/Ruby/Gems/1.8/gems/passenger-1.0.4/lib/passenger/application_spawner.rb:147:in `start'
    /Library/Ruby/Gems/1.8/gems/passenger-1.0.4/lib/passenger/framework_spawner.rb:278:in `handle_spawn_application'
    /Library/Ruby/Gems/1.8/gems/passenger-1.0.4/lib/passenger/framework_spawner.rb:273:in `synchronize'
    /Library/Ruby/Gems/1.8/gems/passenger-1.0.4/lib/passenger/framework_spawner.rb:273:in `handle_spawn_application'
    /Library/Ruby/Gems/1.8/gems/passenger-1.0.4/lib/passenger/abstract_server.rb:291:in `__send__'
    /Library/Ruby/Gems/1.8/gems/passenger-1.0.4/lib/passenger/abstract_server.rb:291:in `main_loop'
    /Library/Ruby/Gems/1.8/gems/passenger-1.0.4/lib/passenger/abstract_server.rb:147:in `start_synchronously'
    /Library/Ruby/Gems/1.8/gems/passenger-1.0.4/lib/passenger/abstract_server.rb:114:in `start'
    /Library/Ruby/Gems/1.8/gems/passenger-1.0.4/lib/passenger/abstract_server.rb:108:in `fork'
    /Library/Ruby/Gems/1.8/gems/passenger-1.0.4/lib/passenger/abstract_server.rb:108:in `start'
    /Library/Ruby/Gems/1.8/gems/passenger-1.0.4/lib/passenger/framework_spawner.rb:104:in `start'
    /Library/Ruby/Gems/1.8/gems/passenger-1.0.4/lib/passenger/spawn_manager.rb:106:in `spawn_application'
    /Library/Ruby/Gems/1.8/gems/passenger-1.0.4/lib/passenger/spawn_manager.rb:102:in `synchronize'
    /Library/Ruby/Gems/1.8/gems/passenger-1.0.4/lib/passenger/spawn_manager.rb:102:in `spawn_application'
    /Library/Ruby/Gems/1.8/gems/passenger-1.0.4/lib/passenger/spawn_manager.rb:183:in `handle_spawn_application'
    /Library/Ruby/Gems/1.8/gems/passenger-1.0.4/lib/passenger/abstract_server.rb:291:in `__send__'
    /Library/Ruby/Gems/1.8/gems/passenger-1.0.4/lib/passenger/abstract_server.rb:291:in `main_loop'
    /Library/Ruby/Gems/1.8/gems/passenger-1.0.4/lib/passenger/abstract_server.rb:147:in `start_synchronously'
    /Library/Ruby/Gems/1.8/gems/passenger-1.0.4/bin/passenger-spawn-server:32

Rendering /Library/Ruby/Gems/1.8/gems/actionpack-2.0.2/lib/action_controller/templates/rescues/layout.erb (internal_server_error)


Processing SessionsController#new (for 127.0.0.1 at 2008-05-17 02:38:55) [GET]
  Session ID: BAh7CToMdXNlcl9pZGkHOgxjc3JmX2lkIiU2NWE3M2VhZmQ3MDVmODY3Y2Rl%0AZThjYzBkMzVmOGVmMiIKZmxhc2hJQzonQWN0aW9uQ29udHJvbGxlcjo6Rmxh%0Ac2g6OkZsYXNoSGFzaHsABjoKQHVzZWR7ADoOcmV0dXJuX3RvMA%3D%3D--c083d80c2256589fa45e03c1fc135f02a1a26b5c
  Parameters: {"action"=>"new", "controller"=>"sessions"}


Processing SessionsController#new (for 127.0.0.1 at 2008-05-17 02:38:56) [GET]
  Session ID: BAh7CToMdXNlcl9pZGkHOgxjc3JmX2lkIiU2NWE3M2VhZmQ3MDVmODY3Y2Rl%0AZThjYzBkMzVmOGVmMiIKZmxhc2hJQzonQWN0aW9uQ29udHJvbGxlcjo6Rmxh%0Ac2g6OkZsYXNoSGFzaHsABjoKQHVzZWR7ADoOcmV0dXJuX3RvMA%3D%3D--c083d80c2256589fa45e03c1fc135f02a1a26b5c
  Parameters: {"action"=>"new", "controller"=>"sessions"}


SQLite3::CantOpenException (could not open database: unable to open database file):
    /System/Library/Frameworks/Ruby.framework/Versions/1.8/usr/lib/ruby/gems/1.8/gems/sqlite3-ruby-1.2.1/lib/sqlite3/errors.rb:94:in `check'
    /System/Library/Frameworks/Ruby.framework/Versions/1.8/usr/lib/ruby/gems/1.8/gems/sqlite3-ruby-1.2.1/lib/sqlite3/database.rb:112:in `initialize'
    /Library/Ruby/Gems/1.8/gems/activerecord-2.0.2/lib/active_record/connection_adapters/sqlite3_adapter.rb:13:in `new'
    /Library/Ruby/Gems/1.8/gems/activerecord-2.0.2/lib/active_record/connection_adapters/sqlite3_adapter.rb:13:in `sqlite3_connection'
    /Library/Ruby/Gems/1.8/gems/activerecord-2.0.2/lib/active_record/connection_adapters/abstract/connection_specification.rb:291:in `send'
    /Library/Ruby/Gems/1.8/gems/activerecord-2.0.2/lib/active_record/connection_adapters/abstract/connection_specification.rb:291:in `connection='
    /Library/Ruby/Gems/1.8/gems/activerecord-2.0.2/lib/active_record/connection_adapters/abstract/connection_specification.rb:259:in `retrieve_connection'
    /Library/Ruby/Gems/1.8/gems/activerecord-2.0.2/lib/active_record/connection_adapters/abstract/connection_specification.rb:78:in `connection'
    /Library/Ruby/Gems/1.8/gems/activerecord-2.0.2/lib/active_record/query_cache.rb:8:in `cache'
    /Library/Ruby/Gems/1.8/gems/actionpack-2.0.2/lib/action_controller/caching.rb:677:in `perform_action'
    /Library/Ruby/Gems/1.8/gems/actionpack-2.0.2/lib/action_controller/base.rb:524:in `send'
    /Library/Ruby/Gems/1.8/gems/actionpack-2.0.2/lib/action_controller/base.rb:524:in `process_without_filters'
    /Library/Ruby/Gems/1.8/gems/actionpack-2.0.2/lib/action_controller/filters.rb:685:in `process_without_session_management_support'
    /Library/Ruby/Gems/1.8/gems/actionpack-2.0.2/lib/action_controller/session_management.rb:123:in `process'
    /Library/Ruby/Gems/1.8/gems/actionpack-2.0.2/lib/action_controller/base.rb:388:in `process'
    /Library/Ruby/Gems/1.8/gems/actionpack-2.0.2/lib/action_controller/dispatcher.rb:171:in `handle_request'
    /Library/Ruby/Gems/1.8/gems/actionpack-2.0.2/lib/action_controller/dispatcher.rb:115:in `dispatch'
    /Library/Ruby/Gems/1.8/gems/actionpack-2.0.2/lib/action_controller/dispatcher.rb:126:in `dispatch_cgi'
    /Library/Ruby/Gems/1.8/gems/actionpack-2.0.2/lib/action_controller/dispatcher.rb:9:in `dispatch'
    /Library/Ruby/Gems/1.8/gems/mongrel-1.1.4/bin/../lib/mongrel/rails.rb:76:in `process'
    /Library/Ruby/Gems/1.8/gems/mongrel-1.1.4/bin/../lib/mongrel/rails.rb:74:in `synchronize'
    /Library/Ruby/Gems/1.8/gems/mongrel-1.1.4/bin/../lib/mongrel/rails.rb:74:in `process'
    /Library/Ruby/Gems/1.8/gems/mongrel-1.1.4/lib/mongrel.rb:159:in `process_client'
    /Library/Ruby/Gems/1.8/gems/mongrel-1.1.4/lib/mongrel.rb:158:in `each'
    /Library/Ruby/Gems/1.8/gems/mongrel-1.1.4/lib/mongrel.rb:158:in `process_client'
    /Library/Ruby/Gems/1.8/gems/mongrel-1.1.4/lib/mongrel.rb:285:in `run'
    /Library/Ruby/Gems/1.8/gems/mongrel-1.1.4/lib/mongrel.rb:285:in `initialize'
    /Library/Ruby/Gems/1.8/gems/mongrel-1.1.4/lib/mongrel.rb:285:in `new'
    /Library/Ruby/Gems/1.8/gems/mongrel-1.1.4/lib/mongrel.rb:285:in `run'
    /Library/Ruby/Gems/1.8/gems/mongrel-1.1.4/lib/mongrel.rb:268:in `initialize'
    /Library/Ruby/Gems/1.8/gems/mongrel-1.1.4/lib/mongrel.rb:268:in `new'
    /Library/Ruby/Gems/1.8/gems/mongrel-1.1.4/lib/mongrel.rb:268:in `run'
    /Library/Ruby/Gems/1.8/gems/mongrel-1.1.4/lib/mongrel/configurator.rb:282:in `run'
    /Library/Ruby/Gems/1.8/gems/mongrel-1.1.4/lib/mongrel/configurator.rb:281:in `each'
    /Library/Ruby/Gems/1.8/gems/mongrel-1.1.4/lib/mongrel/configurator.rb:281:in `run'
    /Library/Ruby/Gems/1.8/gems/mongrel-1.1.4/bin/mongrel_rails:128:in `run'
    /Library/Ruby/Gems/1.8/gems/mongrel-1.1.4/lib/mongrel/command.rb:212:in `run'
    /Library/Ruby/Gems/1.8/gems/mongrel-1.1.4/bin/mongrel_rails:281
    /Library/Ruby/Gems/1.8/gems/activesupport-2.0.2/lib/active_support/dependencies.rb:489:in `load'
    /Library/Ruby/Gems/1.8/gems/activesupport-2.0.2/lib/active_support/dependencies.rb:489:in `load'
    /Library/Ruby/Gems/1.8/gems/activesupport-2.0.2/lib/active_support/dependencies.rb:342:in `new_constants_in'
    /Library/Ruby/Gems/1.8/gems/activesupport-2.0.2/lib/active_support/dependencies.rb:489:in `load'
    /Library/Ruby/Gems/1.8/gems/rails-2.0.2/lib/commands/servers/mongrel.rb:64
    /Library/Ruby/Site/1.8/rubygems/custom_require.rb:27:in `gem_original_require'
    /Library/Ruby/Site/1.8/rubygems/custom_require.rb:27:in `require'
    /Library/Ruby/Gems/1.8/gems/activesupport-2.0.2/lib/active_support/dependencies.rb:496:in `require'
    /Library/Ruby/Gems/1.8/gems/activesupport-2.0.2/lib/active_support/dependencies.rb:342:in `new_constants_in'
    /Library/Ruby/Gems/1.8/gems/activesupport-2.0.2/lib/active_support/dependencies.rb:496:in `require'
    /Library/Ruby/Gems/1.8/gems/rails-2.0.2/lib/commands/server.rb:39
    /Library/Ruby/Site/1.8/rubygems/custom_require.rb:27:in `gem_original_require'
    /Library/Ruby/Site/1.8/rubygems/custom_require.rb:27:in `require'
    script/server:3

Rendering /Library/Ruby/Gems/1.8/gems/actionpack-2.0.2/lib/action_controller/templates/rescues/layout.erb (internal_server_error)
